[debug] [2026-07-02T04:43:43.669Z] ----------------------------------------------------------------------
[debug] [2026-07-02T04:43:43.674Z] Command:       /Users/bon/.nvm/versions/node/v20.19.1/bin/node /Users/bon/.nvm/versions/node/v20.19.1/bin/firebase emulators:start
[debug] [2026-07-02T04:43:43.674Z] CLI Version:   15.22.4
[debug] [2026-07-02T04:43:43.674Z] Platform:      darwin
[debug] [2026-07-02T04:43:43.674Z] Node Version:  v20.19.1
[debug] [2026-07-02T04:43:43.674Z] Detected Agent: unknown
[debug] [2026-07-02T04:43:43.674Z] Time:          Thu Jul 02 2026 11:43:43 GMT+0700 (Indochina Time)
[debug] [2026-07-02T04:43:43.674Z] ----------------------------------------------------------------------
[debug] 
[debug] [2026-07-02T04:43:44.359Z] > command requires scopes: ["email","openid","https://www.googleapis.com/auth/cloudplatformprojects.readonly","https://www.googleapis.com/auth/firebase","https://www.googleapis.com/auth/cloud-platform"]
[debug] [2026-07-02T04:43:44.359Z] > authorizing via signed-in user (thatthana.d@gmail.com)
[info] i  emulators: Starting emulators: functions, hosting, extensions {"metadata":{"emulator":{"name":"hub"},"message":"Starting emulators: functions, hosting, extensions"}}
[debug] [2026-07-02T04:43:44.362Z] Checked if tokens are valid: false, expires at: 1782906820429
[debug] [2026-07-02T04:43:44.362Z] Checked if tokens are valid: false, expires at: 1782906820429
[debug] [2026-07-02T04:43:44.362Z] > refreshing access token with scopes: []
[debug] [2026-07-02T04:43:44.363Z] >>> [apiv2][query] POST https://www.googleapis.com/oauth2/v3/token [none]
[debug] [2026-07-02T04:43:44.363Z] >>> [apiv2][body] POST https://www.googleapis.com/oauth2/v3/token [omitted]
[debug] [2026-07-02T04:43:44.576Z] <<< [apiv2][status] POST https://www.googleapis.com/oauth2/v3/token 200
[debug] [2026-07-02T04:43:44.576Z] <<< [apiv2][body] POST https://www.googleapis.com/oauth2/v3/token [omitted]
[debug] [2026-07-02T04:43:44.592Z] >>> [apiv2][query] GET https://cloudresourcemanager.googleapis.com/v1/projects/ballthatthana-app [none]
[debug] [2026-07-02T04:43:46.022Z] <<< [apiv2][status] GET https://cloudresourcemanager.googleapis.com/v1/projects/ballthatthana-app 200
[debug] [2026-07-02T04:43:46.022Z] <<< [apiv2][body] GET https://cloudresourcemanager.googleapis.com/v1/projects/ballthatthana-app {"projectNumber":"443683726313","projectId":"ballthatthana-app","lifecycleState":"ACTIVE","name":"ballthatthana-app","labels":{"firebase":"enabled"},"createTime":"2023-08-31T05:56:08.608078Z"}
[debug] [2026-07-02T04:43:46.196Z] [logging] Logging Emulator only supports listening on one address (127.0.0.1). Not listening on ::1
[warn] ⚠  hosting: Hosting Emulator unable to start on port 5000, starting on 5002 instead. {"metadata":{"emulator":{"name":"hosting"},"message":"Hosting Emulator unable to start on port 5000, starting on 5002 instead."}}
[debug] [2026-07-02T04:43:46.196Z] [hosting] Hosting Emulator only supports listening on one address (127.0.0.1). Not listening on ::1
[debug] [2026-07-02T04:43:46.196Z] assigned listening specs for emulators {"user":{"hub":[{"address":"127.0.0.1","family":"IPv4","port":4400},{"address":"::1","family":"IPv6","port":4400}],"ui":[{"address":"127.0.0.1","family":"IPv4","port":4000},{"address":"::1","family":"IPv6","port":4000}],"logging":[{"address":"127.0.0.1","family":"IPv4","port":4500}],"hosting":[{"address":"127.0.0.1","family":"IPv4","port":5002}]},"metadata":{"message":"assigned listening specs for emulators"}}
[debug] [2026-07-02T04:43:46.198Z] Write emulator hub locator at /var/folders/yw/p4s8c_f91ggf07fj4jm1f21w0000gn/T/hub-ballthatthana-app.json
[debug] [2026-07-02T04:43:46.200Z] [Extensions] Started Extensions emulator, this is a noop.
[debug] [2026-07-02T04:43:46.299Z] [functions] Functions Emulator only supports listening on one address (127.0.0.1). Not listening on ::1
[debug] [2026-07-02T04:43:46.299Z] [eventarc] Eventarc Emulator only supports listening on one address (127.0.0.1). Not listening on ::1
[debug] [2026-07-02T04:43:46.299Z] [tasks] Cloud Tasks Emulator only supports listening on one address (127.0.0.1). Not listening on ::1
[debug] [2026-07-02T04:43:46.299Z] late-assigned ports for functions and eventarc emulators {"user":{"hub":[{"address":"127.0.0.1","family":"IPv4","port":4400},{"address":"::1","family":"IPv6","port":4400}],"ui":[{"address":"127.0.0.1","family":"IPv4","port":4000},{"address":"::1","family":"IPv6","port":4000}],"logging":[{"address":"127.0.0.1","family":"IPv4","port":4500}],"hosting":[{"address":"127.0.0.1","family":"IPv4","port":5002}],"functions":[{"address":"127.0.0.1","family":"IPv4","port":5001}],"eventarc":[{"address":"127.0.0.1","family":"IPv4","port":9299}],"tasks":[{"address":"127.0.0.1","family":"IPv4","port":9499}]},"metadata":{"message":"late-assigned ports for functions and eventarc emulators"}}
[warn] ⚠  functions: The following emulators are not running, calls to these services from the Functions emulator will affect production: apphosting, auth, firestore, database, pubsub, storage, dataconnect {"metadata":{"emulator":{"name":"functions"},"message":"The following emulators are not running, calls to these services from the Functions emulator will affect production: \u001b[1mapphosting, auth, firestore, database, pubsub, storage, dataconnect\u001b[22m"}}
[debug] [2026-07-02T04:43:46.328Z] defaultcredentials: writing to file /Users/bon/.config/firebase/thatthana_d_gmail.com_application_default_credentials.json
[debug] [2026-07-02T04:43:46.329Z] Setting GAC to /Users/bon/.config/firebase/thatthana_d_gmail.com_application_default_credentials.json {"metadata":{"emulator":{"name":"functions"},"message":"Setting GAC to /Users/bon/.config/firebase/thatthana_d_gmail.com_application_default_credentials.json"}}
[debug] [2026-07-02T04:43:46.329Z] Checked if tokens are valid: true, expires at: 1782971023576
[debug] [2026-07-02T04:43:46.329Z] Checked if tokens are valid: true, expires at: 1782971023576
[debug] [2026-07-02T04:43:46.329Z] >>> [apiv2][query] GET https://firebase.googleapis.com/v1beta1/projects/ballthatthana-app/adminSdkConfig [none]
[debug] [2026-07-02T04:43:46.808Z] <<< [apiv2][status] GET https://firebase.googleapis.com/v1beta1/projects/ballthatthana-app/adminSdkConfig 200
[debug] [2026-07-02T04:43:46.809Z] <<< [apiv2][body] GET https://firebase.googleapis.com/v1beta1/projects/ballthatthana-app/adminSdkConfig {"projectId":"ballthatthana-app","storageBucket":"ballthatthana-app.firebasestorage.app","locationId":"asia-southeast1"}
[debug] [2026-07-02T04:43:46.832Z] Checked if tokens are valid: true, expires at: 1782971023576
[debug] [2026-07-02T04:43:46.832Z] Checked if tokens are valid: true, expires at: 1782971023576
[debug] [2026-07-02T04:43:46.832Z] >>> [apiv2][query] GET https://firebasehosting.googleapis.com/v1beta1/projects/ballthatthana-app/sites 
[debug] [2026-07-02T04:43:48.201Z] <<< [apiv2][status] GET https://firebasehosting.googleapis.com/v1beta1/projects/ballthatthana-app/sites 200
[debug] [2026-07-02T04:43:48.202Z] <<< [apiv2][body] GET https://firebasehosting.googleapis.com/v1beta1/projects/ballthatthana-app/sites {"sites":[{"name":"projects/ballthatthana-app/sites/ballthatthana-app","defaultUrl":"https://ballthatthana-app.web.app","type":"DEFAULT_SITE"}]}
[debug] [2026-07-02T04:43:48.202Z] Checked if tokens are valid: true, expires at: 1782971023576
[debug] [2026-07-02T04:43:48.202Z] Checked if tokens are valid: true, expires at: 1782971023576
[debug] [2026-07-02T04:43:48.203Z] >>> [apiv2][query] GET https://firebase.googleapis.com/v1beta1/projects/ballthatthana-app/webApps/-/config [none]
[debug] [2026-07-02T04:43:48.871Z] <<< [apiv2][status] GET https://firebase.googleapis.com/v1beta1/projects/ballthatthana-app/webApps/-/config 200
[debug] [2026-07-02T04:43:48.872Z] <<< [apiv2][body] GET https://firebase.googleapis.com/v1beta1/projects/ballthatthana-app/webApps/-/config {"projectId":"ballthatthana-app","appId":"1:443683726313:web:428736a5885da92b8ae178","storageBucket":"ballthatthana-app.firebasestorage.app","locationId":"asia-southeast1","apiKey":"AIzaSyCzh6LMHnw7tLHdT1BaPdaYsKyMNJbJmQ8","authDomain":"ballthatthana-app.firebaseapp.com","messagingSenderId":"443683726313","measurementId":"G-NCF7NTQPN9","projectNumber":"443683726313","version":"2"}
[debug] [2026-07-02T04:43:48.880Z] Checked if tokens are valid: true, expires at: 1782971023576
[debug] [2026-07-02T04:43:48.881Z] Checked if tokens are valid: true, expires at: 1782971023576
[debug] [2026-07-02T04:43:48.881Z] >>> [apiv2][query] GET https://firebase.googleapis.com/v1beta1/projects/ballthatthana-app [none]
[debug] [2026-07-02T04:43:49.404Z] <<< [apiv2][status] GET https://firebase.googleapis.com/v1beta1/projects/ballthatthana-app 200
[debug] [2026-07-02T04:43:49.404Z] <<< [apiv2][body] GET https://firebase.googleapis.com/v1beta1/projects/ballthatthana-app {"projectId":"ballthatthana-app","projectNumber":"443683726313","displayName":"ballthatthana-app","name":"projects/ballthatthana-app","resources":{"hostingSite":"ballthatthana-app","locationId":"asia-southeast1"},"state":"ACTIVE","labels":{"firebase":"enabled"},"etag":"1_1a6d8c86-9408-46af-a7b1-26cc487a9b8f"}
[debug] [2026-07-02T04:43:49.406Z] Specified "public" directory "dist" does not exist; Deploy to Hosting site "ballthatthana-app" may fail or be empty.
[info] i  hosting[ballthatthana-app]: Serving hosting files from: dist {"metadata":{"emulator":{"name":"hosting"},"message":"Serving hosting files from: \u001b[1mdist\u001b[22m"}}
[info] ✔  hosting[ballthatthana-app]: Local server: http://127.0.0.1:5002 {"metadata":{"emulator":{"name":"hosting"},"message":"Local server: \u001b[4m\u001b[1mhttp://127.0.0.1:5002\u001b[22m\u001b[24m"}}
[debug] [2026-07-02T04:43:49.461Z] [Extensions] Connecting Extensions emulator, this is a noop.
[info] i  functions: Watching "/Users/bon/Desktop/thatthanawebsite/functions" for Cloud Functions... {"metadata":{"emulator":{"name":"functions"},"message":"Watching \"/Users/bon/Desktop/thatthanawebsite/functions\" for Cloud Functions..."}}
[debug] [2026-07-02T04:43:49.463Z] Validating nodejs source
[warn] ⚠  functions: package.json indicates an outdated version of firebase-functions. Please upgrade using npm install --save firebase-functions@latest in your functions directory. 
[warn] ⚠  functions: Please note that there will be breaking changes when you upgrade. 
[debug] [2026-07-02T04:43:50.084Z] > [functions] package.json contents: {
  "name": "functions",
  "description": "Cloud Functions for Firebase",
  "scripts": {
    "lint": "eslint .",
    "serve": "firebase emulators:start --only functions",
    "shell": "firebase functions:shell",
    "start": "npm run shell",
    "deploy": "firebase deploy --only functions",
    "logs": "firebase functions:log"
  },
  "engines": {
    "node": "22"
  },
  "main": "index.js",
  "dependencies": {
    "cors": "^2.8.5",
    "dotenv": "^16.3.1",
    "firebase-admin": "^11.8.0",
    "firebase-functions": "^4.3.1",
    "nodemailer": "^6.9.5"
  },
  "devDependencies": {
    "eslint-config-google": "^0.14.0",
    "eslint-plugin-node": "^11.1.0",
    "firebase-functions-test": "^3.1.0"
  },
  "private": true
}
[debug] [2026-07-02T04:43:50.084Z] Building nodejs source
[debug] [2026-07-02T04:43:50.084Z] Failed to find version of module node: reached end of search path /Users/bon/Desktop/thatthanawebsite/functions/node_modules
[warn] ⚠  functions: Your requested "node" version "22" doesn't match your global version "20". Using node@20 from host. 
[info] i  functions: Loaded environment variables from .env. 
[info] i  functions: You are using a version of firebase-functions SDK (4.4.1) that does not have support for the newest Firebase Extensions features. Please update firebase-functions SDK to >=5.1.0 to use them correctly 
[debug] [2026-07-02T04:43:50.087Z] Could not find functions.yaml. Must use http discovery
[debug] [2026-07-02T04:43:50.093Z] Found firebase-functions binary at '/Users/bon/Desktop/thatthanawebsite/functions/node_modules/.bin/firebase-functions'
[info] Serving at port 8525

[debug] [2026-07-02T04:43:50.402Z] Got response from /__/functions.yaml {"endpoints":{"sendEmail":{"platform":"gcfv1","availableMemoryMb":null,"timeoutSeconds":null,"minInstances":null,"maxInstances":null,"ingressSettings":null,"serviceAccountEmail":null,"vpc":null,"secretEnvironmentVariables":[{"key":"VUE_APP_OWNER_MAIL"},{"key":"VUE_APP_OWNER_PASS"}],"httpsTrigger":{},"entryPoint":"sendEmail"},"sendOrderEmail":{"platform":"gcfv1","availableMemoryMb":null,"timeoutSeconds":null,"minInstances":null,"maxInstances":null,"ingressSettings":null,"serviceAccountEmail":null,"vpc":null,"secretEnvironmentVariables":[{"key":"VUE_APP_OWNER_MAIL"},{"key":"VUE_APP_OWNER_PASS"}],"httpsTrigger":{},"entryPoint":"sendOrderEmail"}},"specVersion":"v1alpha1","requiredAPIs":[]}
[info] shutdown requested via /__/quitquitquit

[info] ✔  functions: Loaded functions definitions from source: sendEmail, sendOrderEmail. {"metadata":{"emulator":{"name":"functions"},"message":"Loaded functions definitions from source: sendEmail, sendOrderEmail."}}
[info] ✔  functions[us-central1-sendEmail]: http function initialized (http://127.0.0.1:5001/ballthatthana-app/us-central1/sendEmail). {"metadata":{"emulator":{"name":"functions"},"message":"\u001b[1mhttp\u001b[22m function initialized (http://127.0.0.1:5001/ballthatthana-app/us-central1/sendEmail)."}}
[info] ✔  functions[us-central1-sendOrderEmail]: http function initialized (http://127.0.0.1:5001/ballthatthana-app/us-central1/sendOrderEmail). {"metadata":{"emulator":{"name":"functions"},"message":"\u001b[1mhttp\u001b[22m function initialized (http://127.0.0.1:5001/ballthatthana-app/us-central1/sendOrderEmail)."}}
[debug] [2026-07-02T04:43:54.439Z] Could not find VSCode notification endpoint: FetchError: request to http://localhost:40001/vscode/notify failed, reason: . If you are not running the Firebase SQL Connect VSCode extension, this is expected and not an issue.
[info] 
┌─────────────────────────────────────────────────────────────┐
│ ✔  All emulators ready! It is now safe to connect your app. │
│ i  View Emulator UI at http://127.0.0.1:4000/               │
└─────────────────────────────────────────────────────────────┘

┌────────────┬────────────────┬──────────────────────────────────┐
│ Emulator   │ Host:Port      │ View in Emulator UI              │
├────────────┼────────────────┼──────────────────────────────────┤
│ Functions  │ 127.0.0.1:5001 │ http://127.0.0.1:4000/functions  │
├────────────┼────────────────┼──────────────────────────────────┤
│ Hosting    │ 127.0.0.1:5002 │ n/a                              │
├────────────┼────────────────┼──────────────────────────────────┤
│ Extensions │ 127.0.0.1:5001 │ http://127.0.0.1:4000/extensions │
└────────────┴────────────────┴──────────────────────────────────┘
  Emulator Hub host: 127.0.0.1 port: 4400
  Other reserved ports: 4500
┌─────────────────────────┬───────────────┬─────────────────────┐
│ Extension Instance Name │ Extension Ref │ View in Emulator UI │
└─────────────────────────┴───────────────┴─────────────────────┘
Issues? Report them at https://github.com/firebase/firebase-tools/issues and attach the *-debug.log files.
 
[debug] [2026-07-02T04:44:29.415Z] [work-queue] {"queuedWork":["/ballthatthana-app/us-central1/sendEmail-2026-07-02T04:44:29.415Z"],"queueLength":1,"runningWork":[],"workRunningCount":0}
[debug] [2026-07-02T04:44:29.417Z] [work-queue] {"queuedWork":[],"queueLength":0,"runningWork":["/ballthatthana-app/us-central1/sendEmail-2026-07-02T04:44:29.415Z"],"workRunningCount":1}
[debug] [2026-07-02T04:44:29.417Z] Accepted request OPTIONS /ballthatthana-app/us-central1/sendEmail --> us-central1-sendEmail
[debug] [2026-07-02T04:44:29.419Z] [functions] Runtime ready! Sending request! {"metadata":{"emulator":{"name":"functions"},"message":"[functions] Runtime ready! Sending request!"}}
[debug] [2026-07-02T04:44:29.420Z] [functions] Got req.url=/ballthatthana-app/us-central1/sendEmail, mapping to path=/ {"metadata":{"emulator":{"name":"functions"},"message":"[functions] Got req.url=/ballthatthana-app/us-central1/sendEmail, mapping to path=/"}}
[info] i  functions: Loaded environment variables from .env. 
[info] i  functions: Trying to access secret VUE_APP_OWNER_MAIL@latest {"metadata":{"emulator":{"name":"functions"},"message":"Trying to access secret VUE_APP_OWNER_MAIL@latest"}}
[debug] [2026-07-02T04:44:29.429Z] Checked if tokens are valid: true, expires at: 1782971023576
[debug] [2026-07-02T04:44:29.430Z] Checked if tokens are valid: true, expires at: 1782971023576
[info] i  functions: Trying to access secret VUE_APP_OWNER_PASS@latest {"metadata":{"emulator":{"name":"functions"},"message":"Trying to access secret VUE_APP_OWNER_PASS@latest"}}
[debug] [2026-07-02T04:44:29.431Z] Checked if tokens are valid: true, expires at: 1782971023576
[debug] [2026-07-02T04:44:29.431Z] Checked if tokens are valid: true, expires at: 1782971023576
[debug] [2026-07-02T04:44:29.431Z] >>> [apiv2][query] GET https://secretmanager.googleapis.com/v1/projects/ballthatthana-app/secrets/VUE_APP_OWNER_MAIL/versions/latest:access [none]
[debug] [2026-07-02T04:44:29.434Z] >>> [apiv2][query] GET https://secretmanager.googleapis.com/v1/projects/ballthatthana-app/secrets/VUE_APP_OWNER_PASS/versions/latest:access [none]
[debug] [2026-07-02T04:44:30.056Z] <<< [apiv2][status] GET https://secretmanager.googleapis.com/v1/projects/ballthatthana-app/secrets/VUE_APP_OWNER_MAIL/versions/latest:access 200
[debug] [2026-07-02T04:44:30.056Z] <<< [apiv2][body] GET https://secretmanager.googleapis.com/v1/projects/ballthatthana-app/secrets/VUE_APP_OWNER_MAIL/versions/latest:access {"name":"projects/443683726313/secrets/VUE_APP_OWNER_MAIL/versions/1","payload":{"data":"dGhhdHRoYW5hLmRAZ21haWwuY29t","dataCrc32c":"4126642573"}}
[debug] [2026-07-02T04:44:30.106Z] <<< [apiv2][status] GET https://secretmanager.googleapis.com/v1/projects/ballthatthana-app/secrets/VUE_APP_OWNER_PASS/versions/latest:access 200
[debug] [2026-07-02T04:44:30.106Z] <<< [apiv2][body] GET https://secretmanager.googleapis.com/v1/projects/ballthatthana-app/secrets/VUE_APP_OWNER_PASS/versions/latest:access {"name":"projects/443683726313/secrets/VUE_APP_OWNER_PASS/versions/2","payload":{"data":"cmlheWdhbm52bmRjYmFjdw==","dataCrc32c":"1729891912"}}
[debug] [2026-07-02T04:44:30.112Z] [worker-pool] addWorker(us-central1-sendEmail) {"metadata":{"emulator":{"name":"functions"},"message":"[worker-pool] addWorker(us-central1-sendEmail)"}}
[debug] [2026-07-02T04:44:30.113Z] [worker-pool] Adding worker with key us-central1-sendEmail, total=1 {"metadata":{"emulator":{"name":"functions"},"message":"[worker-pool] Adding worker with key us-central1-sendEmail, total=1"}}
[debug] [2026-07-02T04:44:30.710Z] [runtime-status] [73093] Resolved module firebase-admin {"declared":true,"installed":true,"version":"11.11.0","resolution":"/Users/bon/Desktop/thatthanawebsite/functions/node_modules/firebase-admin/lib/index.js"} {"metadata":{"emulator":{"name":"functions"},"function":{"name":"us-central1-sendEmail"},"extension":{},"message":"[runtime-status] [73093] Resolved module firebase-admin {\"declared\":true,\"installed\":true,\"version\":\"11.11.0\",\"resolution\":\"/Users/bon/Desktop/thatthanawebsite/functions/node_modules/firebase-admin/lib/index.js\"}"}}
[debug] [2026-07-02T04:44:30.710Z] [runtime-status] [73093] Resolved module firebase-functions {"declared":true,"installed":true,"version":"4.4.1","resolution":"/Users/bon/Desktop/thatthanawebsite/functions/node_modules/firebase-functions/lib/v1/index.js"} {"metadata":{"emulator":{"name":"functions"},"function":{"name":"us-central1-sendEmail"},"extension":{},"message":"[runtime-status] [73093] Resolved module firebase-functions {\"declared\":true,\"installed\":true,\"version\":\"4.4.1\",\"resolution\":\"/Users/bon/Desktop/thatthanawebsite/functions/node_modules/firebase-functions/lib/v1/index.js\"}"}}
[debug] [2026-07-02T04:44:30.710Z] [runtime-status] [73093] Outgoing network have been stubbed. [{"name":"http","status":"mocked"},{"name":"http","status":"mocked"},{"name":"https","status":"mocked"},{"name":"https","status":"mocked"},{"name":"net","status":"mocked"}] {"metadata":{"emulator":{"name":"functions"},"function":{"name":"us-central1-sendEmail"},"extension":{},"message":"[runtime-status] [73093] Outgoing network have been stubbed. [{\"name\":\"http\",\"status\":\"mocked\"},{\"name\":\"http\",\"status\":\"mocked\"},{\"name\":\"https\",\"status\":\"mocked\"},{\"name\":\"https\",\"status\":\"mocked\"},{\"name\":\"net\",\"status\":\"mocked\"}]"}}
[debug] [2026-07-02T04:44:30.710Z] [runtime-status] [73093] Resolved module firebase-functions {"declared":true,"installed":true,"version":"4.4.1","resolution":"/Users/bon/Desktop/thatthanawebsite/functions/node_modules/firebase-functions/lib/v1/index.js"} {"metadata":{"emulator":{"name":"functions"},"function":{"name":"us-central1-sendEmail"},"extension":{},"message":"[runtime-status] [73093] Resolved module firebase-functions {\"declared\":true,\"installed\":true,\"version\":\"4.4.1\",\"resolution\":\"/Users/bon/Desktop/thatthanawebsite/functions/node_modules/firebase-functions/lib/v1/index.js\"}"}}
[debug] [2026-07-02T04:44:30.781Z] [runtime-status] [73093] Resolved module firebase-admin {"declared":true,"installed":true,"version":"11.11.0","resolution":"/Users/bon/Desktop/thatthanawebsite/functions/node_modules/firebase-admin/lib/index.js"} {"metadata":{"emulator":{"name":"functions"},"function":{"name":"us-central1-sendEmail"},"extension":{},"message":"[runtime-status] [73093] Resolved module firebase-admin {\"declared\":true,\"installed\":true,\"version\":\"11.11.0\",\"resolution\":\"/Users/bon/Desktop/thatthanawebsite/functions/node_modules/firebase-admin/lib/index.js\"}"}}
[debug] [2026-07-02T04:44:30.782Z] [runtime-status] [73093] Resolved module firebase-functions {"declared":true,"installed":true,"version":"4.4.1","resolution":"/Users/bon/Desktop/thatthanawebsite/functions/node_modules/firebase-functions/lib/v1/index.js"} {"metadata":{"emulator":{"name":"functions"},"function":{"name":"us-central1-sendEmail"},"extension":{},"message":"[runtime-status] [73093] Resolved module firebase-functions {\"declared\":true,\"installed\":true,\"version\":\"4.4.1\",\"resolution\":\"/Users/bon/Desktop/thatthanawebsite/functions/node_modules/firebase-functions/lib/v1/index.js\"}"}}
[debug] [2026-07-02T04:44:30.822Z] [runtime-status] [73093] firebase-admin has been stubbed. {"adminResolution":{"declared":true,"installed":true,"version":"11.11.0","resolution":"/Users/bon/Desktop/thatthanawebsite/functions/node_modules/firebase-admin/lib/index.js"}} {"metadata":{"emulator":{"name":"functions"},"function":{"name":"us-central1-sendEmail"},"extension":{},"message":"[runtime-status] [73093] firebase-admin has been stubbed. {\"adminResolution\":{\"declared\":true,\"installed\":true,\"version\":\"11.11.0\",\"resolution\":\"/Users/bon/Desktop/thatthanawebsite/functions/node_modules/firebase-admin/lib/index.js\"}}"}}
[debug] [2026-07-02T04:44:30.840Z] [runtime-status] [73093] Functions runtime initialized. {"cwd":"/Users/bon/Desktop/thatthanawebsite/functions","node_version":"20.19.1"} {"metadata":{"emulator":{"name":"functions"},"function":{"name":"us-central1-sendEmail"},"extension":{},"message":"[runtime-status] [73093] Functions runtime initialized. {\"cwd\":\"/Users/bon/Desktop/thatthanawebsite/functions\",\"node_version\":\"20.19.1\"}"}}
[debug] [2026-07-02T04:44:30.840Z] [runtime-status] [73093] Listening to port: /var/folders/yw/p4s8c_f91ggf07fj4jm1f21w0000gn/T/fire_emu_f5c457c19b9efc8c.sock {"metadata":{"emulator":{"name":"functions"},"function":{"name":"us-central1-sendEmail"},"extension":{},"message":"[runtime-status] [73093] Listening to port: /var/folders/yw/p4s8c_f91ggf07fj4jm1f21w0000gn/T/fire_emu_f5c457c19b9efc8c.sock"}}
[debug] [2026-07-02T04:44:30.935Z] [worker-us-central1-sendEmail-d458233c-d26f-49f4-87d0-71942094320d]: IDLE {"metadata":{"emulator":{"name":"functions"},"function":{"name":"us-central1-sendEmail"},"extension":{},"message":"[worker-us-central1-sendEmail-d458233c-d26f-49f4-87d0-71942094320d]: IDLE"}}
[debug] [2026-07-02T04:44:30.935Z] [worker-pool] submitRequest(triggerId=us-central1-sendEmail) {"metadata":{"emulator":{"name":"functions"},"message":"[worker-pool] submitRequest(triggerId=us-central1-sendEmail)"}}
[info] i  functions: Beginning execution of "us-central1-sendEmail" {"metadata":{"emulator":{"name":"functions"},"function":{"name":"us-central1-sendEmail"},"extension":{},"message":"Beginning execution of \"us-central1-sendEmail\""}}
[debug] [2026-07-02T04:44:30.936Z] [worker-us-central1-sendEmail-d458233c-d26f-49f4-87d0-71942094320d]: BUSY {"metadata":{"emulator":{"name":"functions"},"function":{"name":"us-central1-sendEmail"},"extension":{},"message":"[worker-us-central1-sendEmail-d458233c-d26f-49f4-87d0-71942094320d]: BUSY"}}
[debug] [2026-07-02T04:44:30.939Z] Finishing up request with event=pause {"metadata":{"emulator":{"name":"functions"},"function":{"name":"us-central1-sendEmail"},"extension":{},"message":"Finishing up request with event=pause"}}
[info] i  functions: Finished "us-central1-sendEmail" in 2.730542ms {"metadata":{"emulator":{"name":"functions"},"function":{"name":"us-central1-sendEmail"},"extension":{},"message":"Finished \"us-central1-sendEmail\" in 2.730542ms"}}
[debug] [2026-07-02T04:44:30.939Z] [worker-us-central1-sendEmail-d458233c-d26f-49f4-87d0-71942094320d]: IDLE {"metadata":{"emulator":{"name":"functions"},"function":{"name":"us-central1-sendEmail"},"extension":{},"message":"[worker-us-central1-sendEmail-d458233c-d26f-49f4-87d0-71942094320d]: IDLE"}}
[debug] [2026-07-02T04:44:30.939Z] Finishing up request with event=finish {"metadata":{"emulator":{"name":"functions"},"function":{"name":"us-central1-sendEmail"},"extension":{},"message":"Finishing up request with event=finish"}}
[debug] [2026-07-02T04:44:30.939Z] Finishing up request with event=close {"metadata":{"emulator":{"name":"functions"},"function":{"name":"us-central1-sendEmail"},"extension":{},"message":"Finishing up request with event=close"}}
[debug] [2026-07-02T04:44:30.939Z] [work-queue] {"queuedWork":[],"queueLength":0,"runningWork":[],"workRunningCount":0}
[debug] [2026-07-02T04:44:30.941Z] [work-queue] {"queuedWork":["/ballthatthana-app/us-central1/sendEmail-2026-07-02T04:44:30.941Z"],"queueLength":1,"runningWork":[],"workRunningCount":0}
[debug] [2026-07-02T04:44:30.941Z] [work-queue] {"queuedWork":[],"queueLength":0,"runningWork":["/ballthatthana-app/us-central1/sendEmail-2026-07-02T04:44:30.941Z"],"workRunningCount":1}
[debug] [2026-07-02T04:44:30.941Z] Accepted request POST /ballthatthana-app/us-central1/sendEmail --> us-central1-sendEmail
[debug] [2026-07-02T04:44:30.941Z] [functions] Runtime ready! Sending request! {"metadata":{"emulator":{"name":"functions"},"message":"[functions] Runtime ready! Sending request!"}}
[debug] [2026-07-02T04:44:30.941Z] [functions] Got req.url=/ballthatthana-app/us-central1/sendEmail, mapping to path=/ {"metadata":{"emulator":{"name":"functions"},"message":"[functions] Got req.url=/ballthatthana-app/us-central1/sendEmail, mapping to path=/"}}
[debug] [2026-07-02T04:44:30.941Z] [worker-pool] submitRequest(triggerId=us-central1-sendEmail) {"metadata":{"emulator":{"name":"functions"},"message":"[worker-pool] submitRequest(triggerId=us-central1-sendEmail)"}}
[info] i  functions: Beginning execution of "us-central1-sendEmail" {"metadata":{"emulator":{"name":"functions"},"function":{"name":"us-central1-sendEmail"},"extension":{},"message":"Beginning execution of \"us-central1-sendEmail\""}}
[debug] [2026-07-02T04:44:30.941Z] [worker-us-central1-sendEmail-d458233c-d26f-49f4-87d0-71942094320d]: BUSY {"metadata":{"emulator":{"name":"functions"},"function":{"name":"us-central1-sendEmail"},"extension":{},"message":"[worker-us-central1-sendEmail-d458233c-d26f-49f4-87d0-71942094320d]: BUSY"}}
[debug] [2026-07-02T04:44:34.889Z] Finishing up request with event=pause {"metadata":{"emulator":{"name":"functions"},"function":{"name":"us-central1-sendEmail"},"extension":{},"message":"Finishing up request with event=pause"}}
[info] i  functions: Finished "us-central1-sendEmail" in 3948.772125ms {"metadata":{"emulator":{"name":"functions"},"function":{"name":"us-central1-sendEmail"},"extension":{},"message":"Finished \"us-central1-sendEmail\" in 3948.772125ms"}}
[debug] [2026-07-02T04:44:34.890Z] [worker-us-central1-sendEmail-d458233c-d26f-49f4-87d0-71942094320d]: IDLE {"metadata":{"emulator":{"name":"functions"},"function":{"name":"us-central1-sendEmail"},"extension":{},"message":"[worker-us-central1-sendEmail-d458233c-d26f-49f4-87d0-71942094320d]: IDLE"}}
[debug] [2026-07-02T04:44:34.890Z] Finishing up request with event=finish {"metadata":{"emulator":{"name":"functions"},"function":{"name":"us-central1-sendEmail"},"extension":{},"message":"Finishing up request with event=finish"}}
[debug] [2026-07-02T04:44:34.890Z] Finishing up request with event=close {"metadata":{"emulator":{"name":"functions"},"function":{"name":"us-central1-sendEmail"},"extension":{},"message":"Finishing up request with event=close"}}
[debug] [2026-07-02T04:44:34.891Z] [work-queue] {"queuedWork":[],"queueLength":0,"runningWork":[],"workRunningCount":0}
[debug] [2026-07-02T04:48:33.706Z] [work-queue] {"queuedWork":["/ballthatthana-app/us-central1/sendEmail-2026-07-02T04:48:33.705Z"],"queueLength":1,"runningWork":[],"workRunningCount":0}
[debug] [2026-07-02T04:48:33.707Z] [work-queue] {"queuedWork":[],"queueLength":0,"runningWork":["/ballthatthana-app/us-central1/sendEmail-2026-07-02T04:48:33.705Z"],"workRunningCount":1}
[debug] [2026-07-02T04:48:33.708Z] Accepted request OPTIONS /ballthatthana-app/us-central1/sendEmail --> us-central1-sendEmail
[debug] [2026-07-02T04:48:33.709Z] [functions] Runtime ready! Sending request! {"metadata":{"emulator":{"name":"functions"},"message":"[functions] Runtime ready! Sending request!"}}
[debug] [2026-07-02T04:48:33.710Z] [functions] Got req.url=/ballthatthana-app/us-central1/sendEmail, mapping to path=/ {"metadata":{"emulator":{"name":"functions"},"message":"[functions] Got req.url=/ballthatthana-app/us-central1/sendEmail, mapping to path=/"}}
[debug] [2026-07-02T04:48:33.710Z] [worker-pool] submitRequest(triggerId=us-central1-sendEmail) {"metadata":{"emulator":{"name":"functions"},"message":"[worker-pool] submitRequest(triggerId=us-central1-sendEmail)"}}
[info] i  functions: Beginning execution of "us-central1-sendEmail" {"metadata":{"emulator":{"name":"functions"},"function":{"name":"us-central1-sendEmail"},"extension":{},"message":"Beginning execution of \"us-central1-sendEmail\""}}
[debug] [2026-07-02T04:48:33.711Z] [worker-us-central1-sendEmail-d458233c-d26f-49f4-87d0-71942094320d]: BUSY {"metadata":{"emulator":{"name":"functions"},"function":{"name":"us-central1-sendEmail"},"extension":{},"message":"[worker-us-central1-sendEmail-d458233c-d26f-49f4-87d0-71942094320d]: BUSY"}}
[debug] [2026-07-02T04:48:33.721Z] Finishing up request with event=pause {"metadata":{"emulator":{"name":"functions"},"function":{"name":"us-central1-sendEmail"},"extension":{},"message":"Finishing up request with event=pause"}}
[info] i  functions: Finished "us-central1-sendEmail" in 9.838625ms {"metadata":{"emulator":{"name":"functions"},"function":{"name":"us-central1-sendEmail"},"extension":{},"message":"Finished \"us-central1-sendEmail\" in 9.838625ms"}}
[debug] [2026-07-02T04:48:33.721Z] [worker-us-central1-sendEmail-d458233c-d26f-49f4-87d0-71942094320d]: IDLE {"metadata":{"emulator":{"name":"functions"},"function":{"name":"us-central1-sendEmail"},"extension":{},"message":"[worker-us-central1-sendEmail-d458233c-d26f-49f4-87d0-71942094320d]: IDLE"}}
[debug] [2026-07-02T04:48:33.721Z] Finishing up request with event=finish {"metadata":{"emulator":{"name":"functions"},"function":{"name":"us-central1-sendEmail"},"extension":{},"message":"Finishing up request with event=finish"}}
[debug] [2026-07-02T04:48:33.722Z] Finishing up request with event=close {"metadata":{"emulator":{"name":"functions"},"function":{"name":"us-central1-sendEmail"},"extension":{},"message":"Finishing up request with event=close"}}
[debug] [2026-07-02T04:48:33.722Z] [work-queue] {"queuedWork":[],"queueLength":0,"runningWork":[],"workRunningCount":0}
[debug] [2026-07-02T04:48:33.723Z] [work-queue] {"queuedWork":["/ballthatthana-app/us-central1/sendEmail-2026-07-02T04:48:33.723Z"],"queueLength":1,"runningWork":[],"workRunningCount":0}
[debug] [2026-07-02T04:48:33.723Z] [work-queue] {"queuedWork":[],"queueLength":0,"runningWork":["/ballthatthana-app/us-central1/sendEmail-2026-07-02T04:48:33.723Z"],"workRunningCount":1}
[debug] [2026-07-02T04:48:33.723Z] Accepted request POST /ballthatthana-app/us-central1/sendEmail --> us-central1-sendEmail
[debug] [2026-07-02T04:48:33.723Z] [functions] Runtime ready! Sending request! {"metadata":{"emulator":{"name":"functions"},"message":"[functions] Runtime ready! Sending request!"}}
[debug] [2026-07-02T04:48:33.723Z] [functions] Got req.url=/ballthatthana-app/us-central1/sendEmail, mapping to path=/ {"metadata":{"emulator":{"name":"functions"},"message":"[functions] Got req.url=/ballthatthana-app/us-central1/sendEmail, mapping to path=/"}}
[debug] [2026-07-02T04:48:33.723Z] [worker-pool] submitRequest(triggerId=us-central1-sendEmail) {"metadata":{"emulator":{"name":"functions"},"message":"[worker-pool] submitRequest(triggerId=us-central1-sendEmail)"}}
[info] i  functions: Beginning execution of "us-central1-sendEmail" {"metadata":{"emulator":{"name":"functions"},"function":{"name":"us-central1-sendEmail"},"extension":{},"message":"Beginning execution of \"us-central1-sendEmail\""}}
[debug] [2026-07-02T04:48:33.724Z] [worker-us-central1-sendEmail-d458233c-d26f-49f4-87d0-71942094320d]: BUSY {"metadata":{"emulator":{"name":"functions"},"function":{"name":"us-central1-sendEmail"},"extension":{},"message":"[worker-us-central1-sendEmail-d458233c-d26f-49f4-87d0-71942094320d]: BUSY"}}
[debug] [2026-07-02T04:48:37.282Z] Finishing up request with event=pause {"metadata":{"emulator":{"name":"functions"},"function":{"name":"us-central1-sendEmail"},"extension":{},"message":"Finishing up request with event=pause"}}
[info] i  functions: Finished "us-central1-sendEmail" in 3559.009833ms {"metadata":{"emulator":{"name":"functions"},"function":{"name":"us-central1-sendEmail"},"extension":{},"message":"Finished \"us-central1-sendEmail\" in 3559.009833ms"}}
[debug] [2026-07-02T04:48:37.284Z] [worker-us-central1-sendEmail-d458233c-d26f-49f4-87d0-71942094320d]: IDLE {"metadata":{"emulator":{"name":"functions"},"function":{"name":"us-central1-sendEmail"},"extension":{},"message":"[worker-us-central1-sendEmail-d458233c-d26f-49f4-87d0-71942094320d]: IDLE"}}
[debug] [2026-07-02T04:48:37.284Z] Finishing up request with event=finish {"metadata":{"emulator":{"name":"functions"},"function":{"name":"us-central1-sendEmail"},"extension":{},"message":"Finishing up request with event=finish"}}
[debug] [2026-07-02T04:48:37.284Z] Finishing up request with event=close {"metadata":{"emulator":{"name":"functions"},"function":{"name":"us-central1-sendEmail"},"extension":{},"message":"Finishing up request with event=close"}}
[debug] [2026-07-02T04:48:37.284Z] [work-queue] {"queuedWork":[],"queueLength":0,"runningWork":[],"workRunningCount":0}
[debug] [2026-07-02T08:07:32.031Z] Received signal SIGHUP 1
[info]  
[info] i  emulators: Received SIGHUP for the first time. Starting a clean shutdown. 
[info] i  emulators: Please wait for a clean shutdown or send the SIGHUP signal again to stop right now. 
[debug] [2026-07-02T08:07:32.065Z] Error: write EIO
    at afterWriteDispatched (node:internal/stream_base_commons:161:15)
    at writeGeneric (node:internal/stream_base_commons:152:3)
    at Socket._writeGeneric (node:net:958:11)
    at Socket._write (node:net:970:8)
    at writeOrBuffer (node:internal/streams/writable:572:12)
    at _write (node:internal/streams/writable:501:10)
    at Writable.write (node:internal/streams/writable:510:10)
    at Console.log (/Users/bon/.nvm/versions/node/v20.19.1/lib/node_modules/firebase-tools/node_modules/winston/lib/winston/transports/console.js:87:23)
    at Console._write (/Users/bon/.nvm/versions/node/v20.19.1/lib/node_modules/firebase-tools/node_modules/winston-transport/modern.js:103:17)
    at doWrite (/Users/bon/.nvm/versions/node/v20.19.1/lib/node_modules/firebase-tools/node_modules/winston-transport/node_modules/readable-stream/lib/_stream_writable.js:390:139)
[error] 
[error] Error: An unexpected error has occurred.
[debug] [2026-07-02T08:07:32.068Z] Error: write EIO
    at afterWriteDispatched (node:internal/stream_base_commons:161:15)
    at writeGeneric (node:internal/stream_base_commons:152:3)
    at Socket._writeGeneric (node:net:958:11)
    at Socket._write (node:net:970:8)
    at writeOrBuffer (node:internal/streams/writable:572:12)
    at _write (node:internal/streams/writable:501:10)
    at Writable.write (node:internal/streams/writable:510:10)
    at Console.log (/Users/bon/.nvm/versions/node/v20.19.1/lib/node_modules/firebase-tools/node_modules/winston/lib/winston/transports/console.js:87:23)
    at Console._write (/Users/bon/.nvm/versions/node/v20.19.1/lib/node_modules/firebase-tools/node_modules/winston-transport/modern.js:103:17)
    at doWrite (/Users/bon/.nvm/versions/node/v20.19.1/lib/node_modules/firebase-tools/node_modules/winston-transport/node_modules/readable-stream/lib/_stream_writable.js:390:139)
[error] 
[error] Error: An unexpected error has occurred.
[debug] [2026-07-02T08:07:32.068Z] Error: write EIO
    at afterWriteDispatched (node:internal/stream_base_commons:161:15)
    at writeGeneric (node:internal/stream_base_commons:152:3)
    at Socket._writeGeneric (node:net:958:11)
    at Socket._write (node:net:970:8)
    at writeOrBuffer (node:internal/streams/writable:572:12)
    at _write (node:internal/streams/writable:501:10)
    at Writable.write (node:internal/streams/writable:510:10)
    at Console.log (/Users/bon/.nvm/versions/node/v20.19.1/lib/node_modules/firebase-tools/node_modules/winston/lib/winston/transports/console.js:87:23)
    at Console._write (/Users/bon/.nvm/versions/node/v20.19.1/lib/node_modules/firebase-tools/node_modules/winston-transport/modern.js:103:17)
    at doWrite (/Users/bon/.nvm/versions/node/v20.19.1/lib/node_modules/firebase-tools/node_modules/winston-transport/node_modules/readable-stream/lib/_stream_writable.js:390:139)
[error] 
[error] Error: An unexpected error has occurred.
[debug] [2026-07-02T08:07:32.069Z] Error: write EIO
    at afterWriteDispatched (node:internal/stream_base_commons:161:15)
    at writeGeneric (node:internal/stream_base_commons:152:3)
    at Socket._writeGeneric (node:net:958:11)
    at Socket._write (node:net:970:8)
    at writeOrBuffer (node:internal/streams/writable:572:12)
    at _write (node:internal/streams/writable:501:10)
    at Writable.write (node:internal/streams/writable:510:10)
    at Console.log (/Users/bon/.nvm/versions/node/v20.19.1/lib/node_modules/firebase-tools/node_modules/winston/lib/winston/transports/console.js:87:23)
    at Console._write (/Users/bon/.nvm/versions/node/v20.19.1/lib/node_modules/firebase-tools/node_modules/winston-transport/modern.js:103:17)
    at doWrite (/Users/bon/.nvm/versions/node/v20.19.1/lib/node_modules/firebase-tools/node_modules/winston-transport/node_modules/readable-stream/lib/_stream_writable.js:390:139)
[error] 
[error] Error: An unexpected error has occurred.
[debug] [2026-07-02T08:07:32.069Z] Error: write EIO
    at afterWriteDispatched (node:internal/stream_base_commons:161:15)
    at writeGeneric (node:internal/stream_base_commons:152:3)
    at Socket._writeGeneric (node:net:958:11)
    at Socket._write (node:net:970:8)
    at writeOrBuffer (node:internal/streams/writable:572:12)
    at _write (node:internal/streams/writable:501:10)
    at Writable.write (node:internal/streams/writable:510:10)
    at Console.log (/Users/bon/.nvm/versions/node/v20.19.1/lib/node_modules/firebase-tools/node_modules/winston/lib/winston/transports/console.js:87:23)
    at Console._write (/Users/bon/.nvm/versions/node/v20.19.1/lib/node_modules/firebase-tools/node_modules/winston-transport/modern.js:103:17)
    at doWrite (/Users/bon/.nvm/versions/node/v20.19.1/lib/node_modules/firebase-tools/node_modules/winston-transport/node_modules/readable-stream/lib/_stream_writable.js:390:139)
[error] 
[error] Error: An unexpected error has occurred.
[debug] [2026-07-02T08:07:32.070Z] Error: write EIO
    at afterWriteDispatched (node:internal/stream_base_commons:161:15)
    at writeGeneric (node:internal/stream_base_commons:152:3)
    at Socket._writeGeneric (node:net:958:11)
    at Socket._write (node:net:970:8)
    at writeOrBuffer (node:internal/streams/writable:572:12)
    at _write (node:internal/streams/writable:501:10)
    at Writable.write (node:internal/streams/writable:510:10)
    at Console.log (/Users/bon/.nvm/versions/node/v20.19.1/lib/node_modules/firebase-tools/node_modules/winston/lib/winston/transports/console.js:87:23)
    at Console._write (/Users/bon/.nvm/versions/node/v20.19.1/lib/node_modules/firebase-tools/node_modules/winston-transport/modern.js:103:17)
    at doWrite (/Users/bon/.nvm/versions/node/v20.19.1/lib/node_modules/firebase-tools/node_modules/winston-transport/node_modules/readable-stream/lib/_stream_writable.js:390:139)
[error] 
[error] Error: An unexpected error has occurred.
[debug] [2026-07-02T08:07:32.071Z] Error: write EIO
    at afterWriteDispatched (node:internal/stream_base_commons:161:15)
    at writeGeneric (node:internal/stream_base_commons:152:3)
    at Socket._writeGeneric (node:net:958:11)
    at Socket._write (node:net:970:8)
    at writeOrBuffer (node:internal/streams/writable:572:12)
    at _write (node:internal/streams/writable:501:10)
    at Writable.write (node:internal/streams/writable:510:10)
    at Console.log (/Users/bon/.nvm/versions/node/v20.19.1/lib/node_modules/firebase-tools/node_modules/winston/lib/winston/transports/console.js:87:23)
    at Console._write (/Users/bon/.nvm/versions/node/v20.19.1/lib/node_modules/firebase-tools/node_modules/winston-transport/modern.js:103:17)
    at doWrite (/Users/bon/.nvm/versions/node/v20.19.1/lib/node_modules/firebase-tools/node_modules/winston-transport/node_modules/readable-stream/lib/_stream_writable.js:390:139)
[error] 
[error] Error: An unexpected error has occurred.
[debug] [2026-07-02T08:07:32.071Z] Error: write EIO
    at afterWriteDispatched (node:internal/stream_base_commons:161:15)
    at writeGeneric (node:internal/stream_base_commons:152:3)
    at Socket._writeGeneric (node:net:958:11)
    at Socket._write (node:net:970:8)
    at writeOrBuffer (node:internal/streams/writable:572:12)
    at _write (node:internal/streams/writable:501:10)
    at Writable.write (node:internal/streams/writable:510:10)
    at Console.log (/Users/bon/.nvm/versions/node/v20.19.1/lib/node_modules/firebase-tools/node_modules/winston/lib/winston/transports/console.js:87:23)
    at Console._write (/Users/bon/.nvm/versions/node/v20.19.1/lib/node_modules/firebase-tools/node_modules/winston-transport/modern.js:103:17)
    at doWrite (/Users/bon/.nvm/versions/node/v20.19.1/lib/node_modules/firebase-tools/node_modules/winston-transport/node_modules/readable-stream/lib/_stream_writable.js:390:139)
[error] 
[error] Error: An unexpected error has occurred.
[debug] [2026-07-02T08:07:32.072Z] Error: write EIO
    at afterWriteDispatched (node:internal/stream_base_commons:161:15)
    at writeGeneric (node:internal/stream_base_commons:152:3)
    at Socket._writeGeneric (node:net:958:11)
    at Socket._write (node:net:970:8)
    at writeOrBuffer (node:internal/streams/writable:572:12)
    at _write (node:internal/streams/writable:501:10)
    at Writable.write (node:internal/streams/writable:510:10)
    at Console.log (/Users/bon/.nvm/versions/node/v20.19.1/lib/node_modules/firebase-tools/node_modules/winston/lib/winston/transports/console.js:87:23)
    at Console._write (/Users/bon/.nvm/versions/node/v20.19.1/lib/node_modules/firebase-tools/node_modules/winston-transport/modern.js:103:17)
    at doWrite (/Users/bon/.nvm/versions/node/v20.19.1/lib/node_modules/firebase-tools/node_modules/winston-transport/node_modules/readable-stream/lib/_stream_writable.js:390:139)
[error] 
[error] Error: An unexpected error has occurred.
[debug] [2026-07-02T08:07:32.072Z] Error: write EIO
    at afterWriteDispatched (node:internal/stream_base_commons:161:15)
    at writeGeneric (node:internal/stream_base_commons:152:3)
    at Socket._writeGeneric (node:net:958:11)
    at Socket._write (node:net:970:8)
    at writeOrBuffer (node:internal/streams/writable:572:12)
    at _write (node:internal/streams/writable:501:10)
    at Writable.write (node:internal/streams/writable:510:10)
    at Console.log (/Users/bon/.nvm/versions/node/v20.19.1/lib/node_modules/firebase-tools/node_modules/winston/lib/winston/transports/console.js:87:23)
    at Console._write (/Users/bon/.nvm/versions/node/v20.19.1/lib/node_modules/firebase-tools/node_modules/winston-transport/modern.js:103:17)
    at doWrite (/Users/bon/.nvm/versions/node/v20.19.1/lib/node_modules/firebase-tools/node_modules/winston-transport/node_modules/readable-stream/lib/_stream_writable.js:390:139)
[error] 
[error] Error: An unexpected error has occurred.
[debug] [2026-07-02T08:07:32.072Z] Error: write EIO
    at afterWriteDispatched (node:internal/stream_base_commons:161:15)
    at writeGeneric (node:internal/stream_base_commons:152:3)
    at Socket._writeGeneric (node:net:958:11)
    at Socket._write (node:net:970:8)
    at writeOrBuffer (node:internal/streams/writable:572:12)
    at _write (node:internal/streams/writable:501:10)
    at Writable.write (node:internal/streams/writable:510:10)
    at Console.log (/Users/bon/.nvm/versions/node/v20.19.1/lib/node_modules/firebase-tools/node_modules/winston/lib/winston/transports/console.js:87:23)
    at Console._write (/Users/bon/.nvm/versions/node/v20.19.1/lib/node_modules/firebase-tools/node_modules/winston-transport/modern.js:103:17)
    at doWrite (/Users/bon/.nvm/versions/node/v20.19.1/lib/node_modules/firebase-tools/node_modules/winston-transport/node_modules/readable-stream/lib/_stream_writable.js:390:139)
[error] 
[error] Error: An unexpected error has occurred.
[debug] [2026-07-02T08:07:32.072Z] Error: write EIO
    at afterWriteDispatched (node:internal/stream_base_commons:161:15)
    at writeGeneric (node:internal/stream_base_commons:152:3)
    at Socket._writeGeneric (node:net:958:11)
    at Socket._write (node:net:970:8)
    at writeOrBuffer (node:internal/streams/writable:572:12)
    at _write (node:internal/streams/writable:501:10)
    at Writable.write (node:internal/streams/writable:510:10)
    at Console.log (/Users/bon/.nvm/versions/node/v20.19.1/lib/node_modules/firebase-tools/node_modules/winston/lib/winston/transports/console.js:87:23)
    at Console._write (/Users/bon/.nvm/versions/node/v20.19.1/lib/node_modules/firebase-tools/node_modules/winston-transport/modern.js:103:17)
    at doWrite (/Users/bon/.nvm/versions/node/v20.19.1/lib/node_modules/firebase-tools/node_modules/winston-transport/node_modules/readable-stream/lib/_stream_writable.js:390:139)
[error] 
[error] Error: An unexpected error has occurred.
[debug] [2026-07-02T08:07:32.075Z] Error: write EIO
    at afterWriteDispatched (node:internal/stream_base_commons:161:15)
    at writeGeneric (node:internal/stream_base_commons:152:3)
    at Socket._writeGeneric (node:net:958:11)
    at Socket._write (node:net:970:8)
    at writeOrBuffer (node:internal/streams/writable:572:12)
    at _write (node:internal/streams/writable:501:10)
    at Writable.write (node:internal/streams/writable:510:10)
    at Console.log (/Users/bon/.nvm/versions/node/v20.19.1/lib/node_modules/firebase-tools/node_modules/winston/lib/winston/transports/console.js:87:23)
    at Console._write (/Users/bon/.nvm/versions/node/v20.19.1/lib/node_modules/firebase-tools/node_modules/winston-transport/modern.js:103:17)
    at doWrite (/Users/bon/.nvm/versions/node/v20.19.1/lib/node_modules/firebase-tools/node_modules/winston-transport/node_modules/readable-stream/lib/_stream_writable.js:390:139)
[error] 
[error] Error: An unexpected error has occurred.
[debug] [2026-07-02T08:07:32.075Z] Error: write EIO
    at afterWriteDispatched (node:internal/stream_base_commons:161:15)
    at writeGeneric (node:internal/stream_base_commons:152:3)
    at Socket._writeGeneric (node:net:958:11)
    at Socket._write (node:net:970:8)
    at writeOrBuffer (node:internal/streams/writable:572:12)
    at _write (node:internal/streams/writable:501:10)
    at Writable.write (node:internal/streams/writable:510:10)
    at Console.log (/Users/bon/.nvm/versions/node/v20.19.1/lib/node_modules/firebase-tools/node_modules/winston/lib/winston/transports/console.js:87:23)
    at Console._write (/Users/bon/.nvm/versions/node/v20.19.1/lib/node_modules/firebase-tools/node_modules/winston-transport/modern.js:103:17)
    at doWrite (/Users/bon/.nvm/versions/node/v20.19.1/lib/node_modules/firebase-tools/node_modules/winston-transport/node_modules/readable-stream/lib/_stream_writable.js:390:139)
[error] 
[error] Error: An unexpected error has occurred.
[debug] [2026-07-02T08:07:32.079Z] Error: write EIO
    at afterWriteDispatched (node:internal/stream_base_commons:161:15)
    at writeGeneric (node:internal/stream_base_commons:152:3)
    at Socket._writeGeneric (node:net:958:11)
    at Socket._write (node:net:970:8)
    at writeOrBuffer (node:internal/streams/writable:572:12)
    at _write (node:internal/streams/writable:501:10)
    at Writable.write (node:internal/streams/writable:510:10)
    at Console.log (/Users/bon/.nvm/versions/node/v20.19.1/lib/node_modules/firebase-tools/node_modules/winston/lib/winston/transports/console.js:87:23)
    at Console._write (/Users/bon/.nvm/versions/node/v20.19.1/lib/node_modules/firebase-tools/node_modules/winston-transport/modern.js:103:17)
    at doWrite (/Users/bon/.nvm/versions/node/v20.19.1/lib/node_modules/firebase-tools/node_modules/winston-transport/node_modules/readable-stream/lib/_stream_writable.js:390:139)
[error] 
[error] Error: An unexpected error has occurred.
[debug] [2026-07-02T08:07:32.079Z] Error: write EIO
    at afterWriteDispatched (node:internal/stream_base_commons:161:15)
    at writeGeneric (node:internal/stream_base_commons:152:3)
    at Socket._writeGeneric (node:net:958:11)
    at Socket._write (node:net:970:8)
    at writeOrBuffer (node:internal/streams/writable:572:12)
    at _write (node:internal/streams/writable:501:10)
    at Writable.write (node:internal/streams/writable:510:10)
    at Console.log (/Users/bon/.nvm/versions/node/v20.19.1/lib/node_modules/firebase-tools/node_modules/winston/lib/winston/transports/console.js:87:23)
    at Console._write (/Users/bon/.nvm/versions/node/v20.19.1/lib/node_modules/firebase-tools/node_modules/winston-transport/modern.js:103:17)
    at doWrite (/Users/bon/.nvm/versions/node/v20.19.1/lib/node_modules/firebase-tools/node_modules/winston-transport/node_modules/readable-stream/lib/_stream_writable.js:390:139)
[error] 
[error] Error: An unexpected error has occurred.
[debug] [2026-07-02T08:07:32.079Z] Error: write EIO
    at afterWriteDispatched (node:internal/stream_base_commons:161:15)
    at writeGeneric (node:internal/stream_base_commons:152:3)
    at Socket._writeGeneric (node:net:958:11)
    at Socket._write (node:net:970:8)
    at writeOrBuffer (node:internal/streams/writable:572:12)
    at _write (node:internal/streams/writable:501:10)
    at Writable.write (node:internal/streams/writable:510:10)
    at Console.log (/Users/bon/.nvm/versions/node/v20.19.1/lib/node_modules/firebase-tools/node_modules/winston/lib/winston/transports/console.js:87:23)
    at Console._write (/Users/bon/.nvm/versions/node/v20.19.1/lib/node_modules/firebase-tools/node_modules/winston-transport/modern.js:103:17)
    at doWrite (/Users/bon/.nvm/versions/node/v20.19.1/lib/node_modules/firebase-tools/node_modules/winston-transport/node_modules/readable-stream/lib/_stream_writable.js:390:139)
[error] 
[error] Error: An unexpected error has occurred.
[debug] [2026-07-02T08:07:32.080Z] Error: write EIO
    at afterWriteDispatched (node:internal/stream_base_commons:161:15)
    at writeGeneric (node:internal/stream_base_commons:152:3)
    at Socket._writeGeneric (node:net:958:11)
    at Socket._write (node:net:970:8)
    at writeOrBuffer (node:internal/streams/writable:572:12)
    at _write (node:internal/streams/writable:501:10)
    at Writable.write (node:internal/streams/writable:510:10)
    at Console.log (/Users/bon/.nvm/versions/node/v20.19.1/lib/node_modules/firebase-tools/node_modules/winston/lib/winston/transports/console.js:87:23)
    at Console._write (/Users/bon/.nvm/versions/node/v20.19.1/lib/node_modules/firebase-tools/node_modules/winston-transport/modern.js:103:17)
    at doWrite (/Users/bon/.nvm/versions/node/v20.19.1/lib/node_modules/firebase-tools/node_modules/winston-transport/node_modules/readable-stream/lib/_stream_writable.js:390:139)
[error] 
[error] Error: An unexpected error has occurred.
[debug] [2026-07-02T08:07:32.081Z] Error: write EIO
    at afterWriteDispatched (node:internal/stream_base_commons:161:15)
    at writeGeneric (node:internal/stream_base_commons:152:3)
    at Socket._writeGeneric (node:net:958:11)
    at Socket._write (node:net:970:8)
    at writeOrBuffer (node:internal/streams/writable:572:12)
    at _write (node:internal/streams/writable:501:10)
    at Writable.write (node:internal/streams/writable:510:10)
    at Console.log (/Users/bon/.nvm/versions/node/v20.19.1/lib/node_modules/firebase-tools/node_modules/winston/lib/winston/transports/console.js:87:23)
    at Console._write (/Users/bon/.nvm/versions/node/v20.19.1/lib/node_modules/firebase-tools/node_modules/winston-transport/modern.js:103:17)
    at doWrite (/Users/bon/.nvm/versions/node/v20.19.1/lib/node_modules/firebase-tools/node_modules/winston-transport/node_modules/readable-stream/lib/_stream_writable.js:390:139)
[error] 
[error] Error: An unexpected error has occurred.
[debug] [2026-07-02T08:07:32.082Z] Error: write EIO
    at afterWriteDispatched (node:internal/stream_base_commons:161:15)
    at writeGeneric (node:internal/stream_base_commons:152:3)
    at Socket._writeGeneric (node:net:958:11)
    at Socket._write (node:net:970:8)
    at writeOrBuffer (node:internal/streams/writable:572:12)
    at _write (node:internal/streams/writable:501:10)
    at Writable.write (node:internal/streams/writable:510:10)
    at Console.log (/Users/bon/.nvm/versions/node/v20.19.1/lib/node_modules/firebase-tools/node_modules/winston/lib/winston/transports/console.js:87:23)
    at Console._write (/Users/bon/.nvm/versions/node/v20.19.1/lib/node_modules/firebase-tools/node_modules/winston-transport/modern.js:103:17)
    at doWrite (/Users/bon/.nvm/versions/node/v20.19.1/lib/node_modules/firebase-tools/node_modules/winston-transport/node_modules/readable-stream/lib/_stream_writable.js:390:139)
[error] 
[error] Error: An unexpected error has occurred.
[debug] [2026-07-02T08:07:32.082Z] Error: write EIO
    at afterWriteDispatched (node:internal/stream_base_commons:161:15)
    at writeGeneric (node:internal/stream_base_commons:152:3)
    at Socket._writeGeneric (node:net:958:11)
    at Socket._write (node:net:970:8)
    at writeOrBuffer (node:internal/streams/writable:572:12)
    at _write (node:internal/streams/writable:501:10)
    at Writable.write (node:internal/streams/writable:510:10)
    at Console.log (/Users/bon/.nvm/versions/node/v20.19.1/lib/node_modules/firebase-tools/node_modules/winston/lib/winston/transports/console.js:87:23)
    at Console._write (/Users/bon/.nvm/versions/node/v20.19.1/lib/node_modules/firebase-tools/node_modules/winston-transport/modern.js:103:17)
    at doWrite (/Users/bon/.nvm/versions/node/v20.19.1/lib/node_modules/firebase-tools/node_modules/winston-transport/node_modules/readable-stream/lib/_stream_writable.js:390:139)
[error] 
[error] Error: An unexpected error has occurred.
[debug] [2026-07-02T08:07:32.083Z] Error: write EIO
    at afterWriteDispatched (node:internal/stream_base_commons:161:15)
    at writeGeneric (node:internal/stream_base_commons:152:3)
    at Socket._writeGeneric (node:net:958:11)
    at Socket._write (node:net:970:8)
    at writeOrBuffer (node:internal/streams/writable:572:12)
    at _write (node:internal/streams/writable:501:10)
    at Writable.write (node:internal/streams/writable:510:10)
    at Console.log (/Users/bon/.nvm/versions/node/v20.19.1/lib/node_modules/firebase-tools/node_modules/winston/lib/winston/transports/console.js:87:23)
    at Console._write (/Users/bon/.nvm/versions/node/v20.19.1/lib/node_modules/firebase-tools/node_modules/winston-transport/modern.js:103:17)
    at doWrite (/Users/bon/.nvm/versions/node/v20.19.1/lib/node_modules/firebase-tools/node_modules/winston-transport/node_modules/readable-stream/lib/_stream_writable.js:390:139)
[error] 
[error] Error: An unexpected error has occurred.
[debug] [2026-07-02T08:07:32.083Z] Error: write EIO
    at afterWriteDispatched (node:internal/stream_base_commons:161:15)
    at writeGeneric (node:internal/stream_base_commons:152:3)
    at Socket._writeGeneric (node:net:958:11)
    at Socket._write (node:net:970:8)
    at writeOrBuffer (node:internal/streams/writable:572:12)
    at _write (node:internal/streams/writable:501:10)
    at Writable.write (node:internal/streams/writable:510:10)
    at Console.log (/Users/bon/.nvm/versions/node/v20.19.1/lib/node_modules/firebase-tools/node_modules/winston/lib/winston/transports/console.js:87:23)
    at Console._write (/Users/bon/.nvm/versions/node/v20.19.1/lib/node_modules/firebase-tools/node_modules/winston-transport/modern.js:103:17)
    at doWrite (/Users/bon/.nvm/versions/node/v20.19.1/lib/node_modules/firebase-tools/node_modules/winston-transport/node_modules/readable-stream/lib/_stream_writable.js:390:139)
[error] 
[error] Error: An unexpected error has occurred.
[debug] [2026-07-02T08:07:32.084Z] [worker-us-central1-sendEmail-d458233c-d26f-49f4-87d0-71942094320d]: exited {"metadata":{"emulator":{"name":"functions"},"function":{"name":"us-central1-sendEmail"},"extension":{},"message":"[worker-us-central1-sendEmail-d458233c-d26f-49f4-87d0-71942094320d]: exited"}}
[debug] [2026-07-02T08:07:32.084Z] [worker-us-central1-sendEmail-d458233c-d26f-49f4-87d0-71942094320d]: FINISHED {"metadata":{"emulator":{"name":"functions"},"function":{"name":"us-central1-sendEmail"},"extension":{},"message":"[worker-us-central1-sendEmail-d458233c-d26f-49f4-87d0-71942094320d]: FINISHED"}}
[debug] [2026-07-02T08:07:32.084Z] Error: write EIO
    at afterWriteDispatched (node:internal/stream_base_commons:161:15)
    at writeGeneric (node:internal/stream_base_commons:152:3)
    at Socket._writeGeneric (node:net:958:11)
    at Socket._write (node:net:970:8)
    at writeOrBuffer (node:internal/streams/writable:572:12)
    at _write (node:internal/streams/writable:501:10)
    at Writable.write (node:internal/streams/writable:510:10)
    at Console.log (/Users/bon/.nvm/versions/node/v20.19.1/lib/node_modules/firebase-tools/node_modules/winston/lib/winston/transports/console.js:87:23)
    at Console._write (/Users/bon/.nvm/versions/node/v20.19.1/lib/node_modules/firebase-tools/node_modules/winston-transport/modern.js:103:17)
    at doWrite (/Users/bon/.nvm/versions/node/v20.19.1/lib/node_modules/firebase-tools/node_modules/winston-transport/node_modules/readable-stream/lib/_stream_writable.js:390:139)
[error] 
[error] Error: An unexpected error has occurred.
[debug] [2026-07-02T08:07:32.085Z] Ignoring signal SIGHUP due to short delay of 55ms
[debug] [2026-07-02T08:07:32.085Z] Error: write EIO
    at afterWriteDispatched (node:internal/stream_base_commons:161:15)
    at writeGeneric (node:internal/stream_base_commons:152:3)
    at Socket._writeGeneric (node:net:958:11)
    at Socket._write (node:net:970:8)
    at writeOrBuffer (node:internal/streams/writable:572:12)
    at _write (node:internal/streams/writable:501:10)
    at Writable.write (node:internal/streams/writable:510:10)
    at Console.log (/Users/bon/.nvm/versions/node/v20.19.1/lib/node_modules/firebase-tools/node_modules/winston/lib/winston/transports/console.js:87:23)
    at Console._write (/Users/bon/.nvm/versions/node/v20.19.1/lib/node_modules/firebase-tools/node_modules/winston-transport/modern.js:103:17)
    at doWrite (/Users/bon/.nvm/versions/node/v20.19.1/lib/node_modules/firebase-tools/node_modules/winston-transport/node_modules/readable-stream/lib/_stream_writable.js:390:139)
[error] 
[error] Error: An unexpected error has occurred.
[debug] [2026-07-02T08:07:32.085Z] Error: write EIO
    at afterWriteDispatched (node:internal/stream_base_commons:161:15)
    at writeGeneric (node:internal/stream_base_commons:152:3)
    at Socket._writeGeneric (node:net:958:11)
    at Socket._write (node:net:970:8)
    at writeOrBuffer (node:internal/streams/writable:572:12)
    at _write (node:internal/streams/writable:501:10)
    at Writable.write (node:internal/streams/writable:510:10)
    at Console.log (/Users/bon/.nvm/versions/node/v20.19.1/lib/node_modules/firebase-tools/node_modules/winston/lib/winston/transports/console.js:87:23)
    at Console._write (/Users/bon/.nvm/versions/node/v20.19.1/lib/node_modules/firebase-tools/node_modules/winston-transport/modern.js:103:17)
    at doWrite (/Users/bon/.nvm/versions/node/v20.19.1/lib/node_modules/firebase-tools/node_modules/winston-transport/node_modules/readable-stream/lib/_stream_writable.js:390:139)
[error] 
[error] Error: An unexpected error has occurred.
[debug] [2026-07-02T08:07:32.086Z] Error: write EIO
    at afterWriteDispatched (node:internal/stream_base_commons:161:15)
    at writeGeneric (node:internal/stream_base_commons:152:3)
    at Socket._writeGeneric (node:net:958:11)
    at Socket._write (node:net:970:8)
    at writeOrBuffer (node:internal/streams/writable:572:12)
    at _write (node:internal/streams/writable:501:10)
    at Writable.write (node:internal/streams/writable:510:10)
    at Console.log (/Users/bon/.nvm/versions/node/v20.19.1/lib/node_modules/firebase-tools/node_modules/winston/lib/winston/transports/console.js:87:23)
    at Console._write (/Users/bon/.nvm/versions/node/v20.19.1/lib/node_modules/firebase-tools/node_modules/winston-transport/modern.js:103:17)
    at doWrite (/Users/bon/.nvm/versions/node/v20.19.1/lib/node_modules/firebase-tools/node_modules/winston-transport/node_modules/readable-stream/lib/_stream_writable.js:390:139)
[error] 
[error] Error: An unexpected error has occurred.
[debug] [2026-07-02T08:07:32.086Z] Error: write EIO
    at afterWriteDispatched (node:internal/stream_base_commons:161:15)
    at writeGeneric (node:internal/stream_base_commons:152:3)
    at Socket._writeGeneric (node:net:958:11)
    at Socket._write (node:net:970:8)
    at writeOrBuffer (node:internal/streams/writable:572:12)
    at _write (node:internal/streams/writable:501:10)
    at Writable.write (node:internal/streams/writable:510:10)
    at Console.log (/Users/bon/.nvm/versions/node/v20.19.1/lib/node_modules/firebase-tools/node_modules/winston/lib/winston/transports/console.js:87:23)
    at Console._write (/Users/bon/.nvm/versions/node/v20.19.1/lib/node_modules/firebase-tools/node_modules/winston-transport/modern.js:103:17)
    at doWrite (/Users/bon/.nvm/versions/node/v20.19.1/lib/node_modules/firebase-tools/node_modules/winston-transport/node_modules/readable-stream/lib/_stream_writable.js:390:139)
[error] 
[error] Error: An unexpected error has occurred.
[debug] [2026-07-02T08:07:32.086Z] Error: write EIO
    at afterWriteDispatched (node:internal/stream_base_commons:161:15)
    at writeGeneric (node:internal/stream_base_commons:152:3)
    at Socket._writeGeneric (node:net:958:11)
    at Socket._write (node:net:970:8)
    at writeOrBuffer (node:internal/streams/writable:572:12)
    at _write (node:internal/streams/writable:501:10)
    at Writable.write (node:internal/streams/writable:510:10)
    at Console.log (/Users/bon/.nvm/versions/node/v20.19.1/lib/node_modules/firebase-tools/node_modules/winston/lib/winston/transports/console.js:87:23)
    at Console._write (/Users/bon/.nvm/versions/node/v20.19.1/lib/node_modules/firebase-tools/node_modules/winston-transport/modern.js:103:17)
    at doWrite (/Users/bon/.nvm/versions/node/v20.19.1/lib/node_modules/firebase-tools/node_modules/winston-transport/node_modules/readable-stream/lib/_stream_writable.js:390:139)
[error] 
[error] Error: An unexpected error has occurred.
[debug] [2026-07-02T08:07:32.086Z] Error: write EIO
    at afterWriteDispatched (node:internal/stream_base_commons:161:15)
    at writeGeneric (node:internal/stream_base_commons:152:3)
    at Socket._writeGeneric (node:net:958:11)
    at Socket._write (node:net:970:8)
    at writeOrBuffer (node:internal/streams/writable:572:12)
    at _write (node:internal/streams/writable:501:10)
    at Writable.write (node:internal/streams/writable:510:10)
    at Console.log (/Users/bon/.nvm/versions/node/v20.19.1/lib/node_modules/firebase-tools/node_modules/winston/lib/winston/transports/console.js:87:23)
    at Console._write (/Users/bon/.nvm/versions/node/v20.19.1/lib/node_modules/firebase-tools/node_modules/winston-transport/modern.js:103:17)
    at doWrite (/Users/bon/.nvm/versions/node/v20.19.1/lib/node_modules/firebase-tools/node_modules/winston-transport/node_modules/readable-stream/lib/_stream_writable.js:390:139)
[error] 
[error] Error: An unexpected error has occurred.
[debug] [2026-07-02T08:07:32.087Z] Error: write EIO
    at afterWriteDispatched (node:internal/stream_base_commons:161:15)
    at writeGeneric (node:internal/stream_base_commons:152:3)
    at Socket._writeGeneric (node:net:958:11)
    at Socket._write (node:net:970:8)
    at writeOrBuffer (node:internal/streams/writable:572:12)
    at _write (node:internal/streams/writable:501:10)
    at Writable.write (node:internal/streams/writable:510:10)
    at Console.log (/Users/bon/.nvm/versions/node/v20.19.1/lib/node_modules/firebase-tools/node_modules/winston/lib/winston/transports/console.js:87:23)
    at Console._write (/Users/bon/.nvm/versions/node/v20.19.1/lib/node_modules/firebase-tools/node_modules/winston-transport/modern.js:103:17)
    at doWrite (/Users/bon/.nvm/versions/node/v20.19.1/lib/node_modules/firebase-tools/node_modules/winston-transport/node_modules/readable-stream/lib/_stream_writable.js:390:139)
[error] 
[error] Error: An unexpected error has occurred.
[debug] [2026-07-02T08:07:32.087Z] Error: write EIO
    at afterWriteDispatched (node:internal/stream_base_commons:161:15)
    at writeGeneric (node:internal/stream_base_commons:152:3)
    at Socket._writeGeneric (node:net:958:11)
    at Socket._write (node:net:970:8)
    at writeOrBuffer (node:internal/streams/writable:572:12)
    at _write (node:internal/streams/writable:501:10)
    at Writable.write (node:internal/streams/writable:510:10)
    at Console.log (/Users/bon/.nvm/versions/node/v20.19.1/lib/node_modules/firebase-tools/node_modules/winston/lib/winston/transports/console.js:87:23)
    at Console._write (/Users/bon/.nvm/versions/node/v20.19.1/lib/node_modules/firebase-tools/node_modules/winston-transport/modern.js:103:17)
    at doWrite (/Users/bon/.nvm/versions/node/v20.19.1/lib/node_modules/firebase-tools/node_modules/winston-transport/node_modules/readable-stream/lib/_stream_writable.js:390:139)
[error] 
[error] Error: An unexpected error has occurred.
[debug] [2026-07-02T08:07:32.087Z] Error: write EIO
    at afterWriteDispatched (node:internal/stream_base_commons:161:15)
    at writeGeneric (node:internal/stream_base_commons:152:3)
    at Socket._writeGeneric (node:net:958:11)
    at Socket._write (node:net:970:8)
    at writeOrBuffer (node:internal/streams/writable:572:12)
    at _write (node:internal/streams/writable:501:10)
    at Writable.write (node:internal/streams/writable:510:10)
    at Console.log (/Users/bon/.nvm/versions/node/v20.19.1/lib/node_modules/firebase-tools/node_modules/winston/lib/winston/transports/console.js:87:23)
    at Console._write (/Users/bon/.nvm/versions/node/v20.19.1/lib/node_modules/firebase-tools/node_modules/winston-transport/modern.js:103:17)
    at doWrite (/Users/bon/.nvm/versions/node/v20.19.1/lib/node_modules/firebase-tools/node_modules/winston-transport/node_modules/readable-stream/lib/_stream_writable.js:390:139)
[error] 
[error] Error: An unexpected error has occurred.
[debug] [2026-07-02T08:07:32.088Z] Error: write EIO
    at afterWriteDispatched (node:internal/stream_base_commons:161:15)
    at writeGeneric (node:internal/stream_base_commons:152:3)
    at Socket._writeGeneric (node:net:958:11)
    at Socket._write (node:net:970:8)
    at writeOrBuffer (node:internal/streams/writable:572:12)
    at _write (node:internal/streams/writable:501:10)
    at Writable.write (node:internal/streams/writable:510:10)
    at Console.log (/Users/bon/.nvm/versions/node/v20.19.1/lib/node_modules/firebase-tools/node_modules/winston/lib/winston/transports/console.js:87:23)
    at Console._write (/Users/bon/.nvm/versions/node/v20.19.1/lib/node_modules/firebase-tools/node_modules/winston-transport/modern.js:103:17)
    at doWrite (/Users/bon/.nvm/versions/node/v20.19.1/lib/node_modules/firebase-tools/node_modules/winston-transport/node_modules/readable-stream/lib/_stream_writable.js:390:139)
[error] 
[error] Error: An unexpected error has occurred.
[debug] [2026-07-02T08:07:32.088Z] Error: write EIO
    at afterWriteDispatched (node:internal/stream_base_commons:161:15)
    at writeGeneric (node:internal/stream_base_commons:152:3)
    at Socket._writeGeneric (node:net:958:11)
    at Socket._write (node:net:970:8)
    at writeOrBuffer (node:internal/streams/writable:572:12)
    at _write (node:internal/streams/writable:501:10)
    at Writable.write (node:internal/streams/writable:510:10)
    at Console.log (/Users/bon/.nvm/versions/node/v20.19.1/lib/node_modules/firebase-tools/node_modules/winston/lib/winston/transports/console.js:87:23)
    at Console._write (/Users/bon/.nvm/versions/node/v20.19.1/lib/node_modules/firebase-tools/node_modules/winston-transport/modern.js:103:17)
    at doWrite (/Users/bon/.nvm/versions/node/v20.19.1/lib/node_modules/firebase-tools/node_modules/winston-transport/node_modules/readable-stream/lib/_stream_writable.js:390:139)
[error] 
[error] Error: An unexpected error has occurred.
[debug] [2026-07-02T08:07:32.088Z] Error: write EIO
    at afterWriteDispatched (node:internal/stream_base_commons:161:15)
    at writeGeneric (node:internal/stream_base_commons:152:3)
    at Socket._writeGeneric (node:net:958:11)
    at Socket._write (node:net:970:8)
    at writeOrBuffer (node:internal/streams/writable:572:12)
    at _write (node:internal/streams/writable:501:10)
    at Writable.write (node:internal/streams/writable:510:10)
    at Console.log (/Users/bon/.nvm/versions/node/v20.19.1/lib/node_modules/firebase-tools/node_modules/winston/lib/winston/transports/console.js:87:23)
    at Console._write (/Users/bon/.nvm/versions/node/v20.19.1/lib/node_modules/firebase-tools/node_modules/winston-transport/modern.js:103:17)
    at doWrite (/Users/bon/.nvm/versions/node/v20.19.1/lib/node_modules/firebase-tools/node_modules/winston-transport/node_modules/readable-stream/lib/_stream_writable.js:390:139)
[error] 
[error] Error: An unexpected error has occurred.
[debug] [2026-07-02T08:07:32.089Z] Error: write EIO
    at afterWriteDispatched (node:internal/stream_base_commons:161:15)
    at writeGeneric (node:internal/stream_base_commons:152:3)
    at Socket._writeGeneric (node:net:958:11)
    at Socket._write (node:net:970:8)
    at writeOrBuffer (node:internal/streams/writable:572:12)
    at _write (node:internal/streams/writable:501:10)
    at Writable.write (node:internal/streams/writable:510:10)
    at Console.log (/Users/bon/.nvm/versions/node/v20.19.1/lib/node_modules/firebase-tools/node_modules/winston/lib/winston/transports/console.js:87:23)
    at Console._write (/Users/bon/.nvm/versions/node/v20.19.1/lib/node_modules/firebase-tools/node_modules/winston-transport/modern.js:103:17)
    at doWrite (/Users/bon/.nvm/versions/node/v20.19.1/lib/node_modules/firebase-tools/node_modules/winston-transport/node_modules/readable-stream/lib/_stream_writable.js:390:139)
[error] 
[error] Error: An unexpected error has occurred.
[debug] [2026-07-02T08:07:32.089Z] Error: write EIO
    at afterWriteDispatched (node:internal/stream_base_commons:161:15)
    at writeGeneric (node:internal/stream_base_commons:152:3)
    at Socket._writeGeneric (node:net:958:11)
    at Socket._write (node:net:970:8)
    at writeOrBuffer (node:internal/streams/writable:572:12)
    at _write (node:internal/streams/writable:501:10)
    at Writable.write (node:internal/streams/writable:510:10)
    at Console.log (/Users/bon/.nvm/versions/node/v20.19.1/lib/node_modules/firebase-tools/node_modules/winston/lib/winston/transports/console.js:87:23)
    at Console._write (/Users/bon/.nvm/versions/node/v20.19.1/lib/node_modules/firebase-tools/node_modules/winston-transport/modern.js:103:17)
    at doWrite (/Users/bon/.nvm/versions/node/v20.19.1/lib/node_modules/firebase-tools/node_modules/winston-transport/node_modules/readable-stream/lib/_stream_writable.js:390:139)
[error] 
[error] Error: An unexpected error has occurred.
[debug] [2026-07-02T08:07:32.089Z] Error: write EIO
    at afterWriteDispatched (node:internal/stream_base_commons:161:15)
    at writeGeneric (node:internal/stream_base_commons:152:3)
    at Socket._writeGeneric (node:net:958:11)
    at Socket._write (node:net:970:8)
    at writeOrBuffer (node:internal/streams/writable:572:12)
    at _write (node:internal/streams/writable:501:10)
    at Writable.write (node:internal/streams/writable:510:10)
    at Console.log (/Users/bon/.nvm/versions/node/v20.19.1/lib/node_modules/firebase-tools/node_modules/winston/lib/winston/transports/console.js:87:23)
    at Console._write (/Users/bon/.nvm/versions/node/v20.19.1/lib/node_modules/firebase-tools/node_modules/winston-transport/modern.js:103:17)
    at doWrite (/Users/bon/.nvm/versions/node/v20.19.1/lib/node_modules/firebase-tools/node_modules/winston-transport/node_modules/readable-stream/lib/_stream_writable.js:390:139)
[error] 
[error] Error: An unexpected error has occurred.
[debug] [2026-07-02T08:07:32.089Z] Error: write EIO
    at afterWriteDispatched (node:internal/stream_base_commons:161:15)
    at writeGeneric (node:internal/stream_base_commons:152:3)
    at Socket._writeGeneric (node:net:958:11)
    at Socket._write (node:net:970:8)
    at writeOrBuffer (node:internal/streams/writable:572:12)
    at _write (node:internal/streams/writable:501:10)
    at Writable.write (node:internal/streams/writable:510:10)
    at Console.log (/Users/bon/.nvm/versions/node/v20.19.1/lib/node_modules/firebase-tools/node_modules/winston/lib/winston/transports/console.js:87:23)
    at Console._write (/Users/bon/.nvm/versions/node/v20.19.1/lib/node_modules/firebase-tools/node_modules/winston-transport/modern.js:103:17)
    at doWrite (/Users/bon/.nvm/versions/node/v20.19.1/lib/node_modules/firebase-tools/node_modules/winston-transport/node_modules/readable-stream/lib/_stream_writable.js:390:139)
[error] 
[error] Error: An unexpected error has occurred.
[debug] [2026-07-02T08:07:32.090Z] Error: write EIO
    at afterWriteDispatched (node:internal/stream_base_commons:161:15)
    at writeGeneric (node:internal/stream_base_commons:152:3)
    at Socket._writeGeneric (node:net:958:11)
    at Socket._write (node:net:970:8)
    at writeOrBuffer (node:internal/streams/writable:572:12)
    at _write (node:internal/streams/writable:501:10)
    at Writable.write (node:internal/streams/writable:510:10)
    at Console.log (/Users/bon/.nvm/versions/node/v20.19.1/lib/node_modules/firebase-tools/node_modules/winston/lib/winston/transports/console.js:87:23)
    at Console._write (/Users/bon/.nvm/versions/node/v20.19.1/lib/node_modules/firebase-tools/node_modules/winston-transport/modern.js:103:17)
    at doWrite (/Users/bon/.nvm/versions/node/v20.19.1/lib/node_modules/firebase-tools/node_modules/winston-transport/node_modules/readable-stream/lib/_stream_writable.js:390:139)
[error] 
[error] Error: An unexpected error has occurred.
[debug] [2026-07-02T08:07:32.090Z] Error: write EIO
    at afterWriteDispatched (node:internal/stream_base_commons:161:15)
    at writeGeneric (node:internal/stream_base_commons:152:3)
    at Socket._writeGeneric (node:net:958:11)
    at Socket._write (node:net:970:8)
    at writeOrBuffer (node:internal/streams/writable:572:12)
    at _write (node:internal/streams/writable:501:10)
    at Writable.write (node:internal/streams/writable:510:10)
    at Console.log (/Users/bon/.nvm/versions/node/v20.19.1/lib/node_modules/firebase-tools/node_modules/winston/lib/winston/transports/console.js:87:23)
    at Console._write (/Users/bon/.nvm/versions/node/v20.19.1/lib/node_modules/firebase-tools/node_modules/winston-transport/modern.js:103:17)
    at doWrite (/Users/bon/.nvm/versions/node/v20.19.1/lib/node_modules/firebase-tools/node_modules/winston-transport/node_modules/readable-stream/lib/_stream_writable.js:390:139)
[error] 
[error] Error: An unexpected error has occurred.
[debug] [2026-07-02T08:07:32.090Z] Error: write EIO
    at afterWriteDispatched (node:internal/stream_base_commons:161:15)
    at writeGeneric (node:internal/stream_base_commons:152:3)
    at Socket._writeGeneric (node:net:958:11)
    at Socket._write (node:net:970:8)
    at writeOrBuffer (node:internal/streams/writable:572:12)
    at _write (node:internal/streams/writable:501:10)
    at Writable.write (node:internal/streams/writable:510:10)
    at Console.log (/Users/bon/.nvm/versions/node/v20.19.1/lib/node_modules/firebase-tools/node_modules/winston/lib/winston/transports/console.js:87:23)
    at Console._write (/Users/bon/.nvm/versions/node/v20.19.1/lib/node_modules/firebase-tools/node_modules/winston-transport/modern.js:103:17)
    at doWrite (/Users/bon/.nvm/versions/node/v20.19.1/lib/node_modules/firebase-tools/node_modules/winston-transport/node_modules/readable-stream/lib/_stream_writable.js:390:139)
[error] 
[error] Error: An unexpected error has occurred.
[debug] [2026-07-02T08:07:32.090Z] Error: write EIO
    at afterWriteDispatched (node:internal/stream_base_commons:161:15)
    at writeGeneric (node:internal/stream_base_commons:152:3)
    at Socket._writeGeneric (node:net:958:11)
    at Socket._write (node:net:970:8)
    at writeOrBuffer (node:internal/streams/writable:572:12)
    at _write (node:internal/streams/writable:501:10)
    at Writable.write (node:internal/streams/writable:510:10)
    at Console.log (/Users/bon/.nvm/versions/node/v20.19.1/lib/node_modules/firebase-tools/node_modules/winston/lib/winston/transports/console.js:87:23)
    at Console._write (/Users/bon/.nvm/versions/node/v20.19.1/lib/node_modules/firebase-tools/node_modules/winston-transport/modern.js:103:17)
    at doWrite (/Users/bon/.nvm/versions/node/v20.19.1/lib/node_modules/firebase-tools/node_modules/winston-transport/node_modules/readable-stream/lib/_stream_writable.js:390:139)
[error] 
[error] Error: An unexpected error has occurred.
[debug] [2026-07-02T08:07:32.090Z] Error: write EIO
    at afterWriteDispatched (node:internal/stream_base_commons:161:15)
    at writeGeneric (node:internal/stream_base_commons:152:3)
    at Socket._writeGeneric (node:net:958:11)
    at Socket._write (node:net:970:8)
    at writeOrBuffer (node:internal/streams/writable:572:12)
    at _write (node:internal/streams/writable:501:10)
    at Writable.write (node:internal/streams/writable:510:10)
    at Console.log (/Users/bon/.nvm/versions/node/v20.19.1/lib/node_modules/firebase-tools/node_modules/winston/lib/winston/transports/console.js:87:23)
    at Console._write (/Users/bon/.nvm/versions/node/v20.19.1/lib/node_modules/firebase-tools/node_modules/winston-transport/modern.js:103:17)
    at doWrite (/Users/bon/.nvm/versions/node/v20.19.1/lib/node_modules/firebase-tools/node_modules/winston-transport/node_modules/readable-stream/lib/_stream_writable.js:390:139)
[error] 
[error] Error: An unexpected error has occurred.
[debug] [2026-07-02T08:07:32.090Z] Error: write EIO
    at afterWriteDispatched (node:internal/stream_base_commons:161:15)
    at writeGeneric (node:internal/stream_base_commons:152:3)
    at Socket._writeGeneric (node:net:958:11)
    at Socket._write (node:net:970:8)
    at writeOrBuffer (node:internal/streams/writable:572:12)
    at _write (node:internal/streams/writable:501:10)
    at Writable.write (node:internal/streams/writable:510:10)
    at Console.log (/Users/bon/.nvm/versions/node/v20.19.1/lib/node_modules/firebase-tools/node_modules/winston/lib/winston/transports/console.js:87:23)
    at Console._write (/Users/bon/.nvm/versions/node/v20.19.1/lib/node_modules/firebase-tools/node_modules/winston-transport/modern.js:103:17)
    at doWrite (/Users/bon/.nvm/versions/node/v20.19.1/lib/node_modules/firebase-tools/node_modules/winston-transport/node_modules/readable-stream/lib/_stream_writable.js:390:139)
[error] 
[error] Error: An unexpected error has occurred.
[debug] [2026-07-02T08:07:32.090Z] Error: write EIO
    at afterWriteDispatched (node:internal/stream_base_commons:161:15)
    at writeGeneric (node:internal/stream_base_commons:152:3)
    at Socket._writeGeneric (node:net:958:11)
    at Socket._write (node:net:970:8)
    at writeOrBuffer (node:internal/streams/writable:572:12)
    at _write (node:internal/streams/writable:501:10)
    at Writable.write (node:internal/streams/writable:510:10)
    at Console.log (/Users/bon/.nvm/versions/node/v20.19.1/lib/node_modules/firebase-tools/node_modules/winston/lib/winston/transports/console.js:87:23)
    at Console._write (/Users/bon/.nvm/versions/node/v20.19.1/lib/node_modules/firebase-tools/node_modules/winston-transport/modern.js:103:17)
    at doWrite (/Users/bon/.nvm/versions/node/v20.19.1/lib/node_modules/firebase-tools/node_modules/winston-transport/node_modules/readable-stream/lib/_stream_writable.js:390:139)
[error] 
[error] Error: An unexpected error has occurred.
[debug] [2026-07-02T08:07:32.090Z] Error: write EIO
    at afterWriteDispatched (node:internal/stream_base_commons:161:15)
    at writeGeneric (node:internal/stream_base_commons:152:3)
    at Socket._writeGeneric (node:net:958:11)
    at Socket._write (node:net:970:8)
    at writeOrBuffer (node:internal/streams/writable:572:12)
    at _write (node:internal/streams/writable:501:10)
    at Writable.write (node:internal/streams/writable:510:10)
    at Console.log (/Users/bon/.nvm/versions/node/v20.19.1/lib/node_modules/firebase-tools/node_modules/winston/lib/winston/transports/console.js:87:23)
    at Console._write (/Users/bon/.nvm/versions/node/v20.19.1/lib/node_modules/firebase-tools/node_modules/winston-transport/modern.js:103:17)
    at doWrite (/Users/bon/.nvm/versions/node/v20.19.1/lib/node_modules/firebase-tools/node_modules/winston-transport/node_modules/readable-stream/lib/_stream_writable.js:390:139)
[error] 
[error] Error: An unexpected error has occurred.
[debug] [2026-07-02T08:07:32.090Z] Error: write EIO
    at afterWriteDispatched (node:internal/stream_base_commons:161:15)
    at writeGeneric (node:internal/stream_base_commons:152:3)
    at Socket._writeGeneric (node:net:958:11)
    at Socket._write (node:net:970:8)
    at writeOrBuffer (node:internal/streams/writable:572:12)
    at _write (node:internal/streams/writable:501:10)
    at Writable.write (node:internal/streams/writable:510:10)
    at Console.log (/Users/bon/.nvm/versions/node/v20.19.1/lib/node_modules/firebase-tools/node_modules/winston/lib/winston/transports/console.js:87:23)
    at Console._write (/Users/bon/.nvm/versions/node/v20.19.1/lib/node_modules/firebase-tools/node_modules/winston-transport/modern.js:103:17)
    at doWrite (/Users/bon/.nvm/versions/node/v20.19.1/lib/node_modules/firebase-tools/node_modules/winston-transport/node_modules/readable-stream/lib/_stream_writable.js:390:139)
[error] 
[error] Error: An unexpected error has occurred.
[debug] [2026-07-02T08:07:32.090Z] Error: write EIO
    at afterWriteDispatched (node:internal/stream_base_commons:161:15)
    at writeGeneric (node:internal/stream_base_commons:152:3)
    at Socket._writeGeneric (node:net:958:11)
    at Socket._write (node:net:970:8)
    at writeOrBuffer (node:internal/streams/writable:572:12)
    at _write (node:internal/streams/writable:501:10)
    at Writable.write (node:internal/streams/writable:510:10)
    at Console.log (/Users/bon/.nvm/versions/node/v20.19.1/lib/node_modules/firebase-tools/node_modules/winston/lib/winston/transports/console.js:87:23)
    at Console._write (/Users/bon/.nvm/versions/node/v20.19.1/lib/node_modules/firebase-tools/node_modules/winston-transport/modern.js:103:17)
    at doWrite (/Users/bon/.nvm/versions/node/v20.19.1/lib/node_modules/firebase-tools/node_modules/winston-transport/node_modules/readable-stream/lib/_stream_writable.js:390:139)
